<?xml version="1.0" encoding="UTF-8"?>
<!-- Generated by org.testng.reporters.JUnitReportReporter -->
<testsuite hostname="L-AH752221" name="com.Amazontest.qa.TestCase.SearchResultPageTest" tests="1" failures="0" timestamp="14 Dec 2018 18:12:41 GMT" time="5.952" errors="0">
  <testcase name="verifySelectitemTest" time="5.952" classname="com.Amazontest.qa.TestCase.SearchResultPageTest"/>
</testsuite> <!-- com.Amazontest.qa.TestCase.SearchResultPageTest -->
