<?xml version="1.0" encoding="UTF-8"?>
<!-- Generated by org.testng.reporters.JUnitReportReporter -->
<testsuite hostname="L-AH752221" name="com.Amazontest.qa.TestCase.SigninPageTest" tests="1" failures="0" timestamp="14 Dec 2018 17:29:02 GMT" time="15.331" errors="0">
  <testcase name="verifySigninPageTest" time="15.331" classname="com.Amazontest.qa.TestCase.SigninPageTest"/>
</testsuite> <!-- com.Amazontest.qa.TestCase.SigninPageTest -->
